2018-03-12T06:28:26.536Z 304 GET ::1 /
2018-03-12T06:28:30.006Z 200 GET ::1 /curate
2018-03-12T06:28:33.304Z 500 GET ::1 /curate/reg
2018-03-12T06:29:41.744Z 304 GET ::1 /
2018-03-12T06:29:45.174Z 304 GET ::1 /curate
2018-03-12T06:29:47.078Z 200 GET ::1 /curate/reg
2018-03-12T06:29:49.520Z 200 GET ::1 /curate/reg/3
2018-03-12T06:29:52.524Z 304 GET ::1 /
2018-03-12T06:29:53.981Z 304 GET ::1 /curate
2018-03-12T06:29:55.288Z 200 GET ::1 /curate/cat
2018-03-12T06:29:56.948Z 304 GET ::1 /
2018-03-12T06:29:59.052Z 304 GET ::1 /curate
2018-03-12T06:30:00.769Z 200 GET ::1 /curate/dir
2018-03-12T06:30:02.547Z 304 GET ::1 /
2018-03-12T06:30:03.900Z 304 GET ::1 /docs
2018-03-12T06:30:06.997Z 200 GET ::1 /docs/add
2018-03-12T06:30:08.588Z 304 GET ::1 /
2018-03-12T06:30:09.965Z 304 GET ::1 /curate
2018-03-12T06:30:12.490Z 304 GET ::1 /
2018-03-12T06:30:13.780Z 304 GET ::1 /docs
2018-03-12T06:30:14.823Z 304 GET ::1 /docs/browse
2018-03-12T06:30:16.638Z 304 GET ::1 /docs/browse?p=demodocs
2018-03-12T06:30:19.169Z 304 GET ::1 /docs/browse?p=demodocs/private
2018-03-12T06:30:24.751Z 200 GET ::1 /docs/search?p=demodocs/private&q=the
2018-03-12T06:30:30.551Z 304 GET ::1 /docs/browse?p=demodocs/private/topicb
2018-03-12T06:30:35.605Z 200 GET ::1 /docs/browse?p=demodocs/private/topicb/document2.pdf
2018-03-12T06:30:45.928Z 304 GET ::1 /
